<?xml version="1.0" encoding="UTF-8"?>
<coverage generated="1655578129123" clover="3.2.0">
  <project timestamp="1655578129123" name="All files">
    <metrics statements="11" coveredstatements="11" conditionals="0" coveredconditionals="0" methods="5" coveredmethods="4" elements="16" coveredelements="15" complexity="0" loc="11" ncloc="11" packages="3" files="3" classes="3"/>
    <package name="mocks">
      <metrics statements="5" coveredstatements="5" conditionals="0" coveredconditionals="0" methods="3" coveredmethods="2"/>
      <file name="mock-wrapper.tsx" path="/home/tenza/Desktop/pokedex/src/mocks/mock-wrapper.tsx">
        <metrics statements="5" coveredstatements="5" conditionals="0" coveredconditionals="0" methods="3" coveredmethods="2"/>
        <line num="10" count="1" type="stmt"/>
        <line num="17" count="1" type="stmt"/>
        <line num="18" count="1" type="stmt"/>
        <line num="26" count="1" type="stmt"/>
        <line num="27" count="1" type="stmt"/>
      </file>
    </package>
    <package name="mocks.data.type">
      <metrics statements="1" coveredstatements="1" conditionals="0" coveredconditionals="0" methods="0" coveredmethods="0"/>
      <file name="type.ts" path="/home/tenza/Desktop/pokedex/src/mocks/data/type/type.ts">
        <metrics statements="1" coveredstatements="1" conditionals="0" coveredconditionals="0" methods="0" coveredmethods="0"/>
        <line num="4" count="1" type="stmt"/>
      </file>
    </package>
    <package name="type.hooks">
      <metrics statements="5" coveredstatements="5" conditionals="0" coveredconditionals="0" methods="2" coveredmethods="2"/>
      <file name="useFetchType.ts" path="/home/tenza/Desktop/pokedex/src/type/hooks/useFetchType.ts">
        <metrics statements="5" coveredstatements="5" conditionals="0" coveredconditionals="0" methods="2" coveredmethods="2"/>
        <line num="6" count="1" type="stmt"/>
        <line num="7" count="2" type="stmt"/>
        <line num="10" count="1" type="stmt"/>
        <line num="12" count="1" type="stmt"/>
        <line num="14" count="1" type="stmt"/>
      </file>
    </package>
  </project>
</coverage>
