{"/home/tenza/Desktop/pokedex/src/mocks/handlers.ts": {"path":"/home/tenza/Desktop/pokedex/src/mocks/handlers.ts","statementMap":{"0":{"start":{"line":6,"column":24},"end":{"line":11,"column":1}}},"fnMap":{},"branchMap":{},"s":{"0":1},"f":{},"b":{},"_coverageSchema":"1a1c01bbd47fc00a2c39e90264f33305004495a9","hash":"a091f9dc96c633aa6d8e787def60d33960030cc1"}
,"/home/tenza/Desktop/pokedex/src/mocks/mock-wrapper.tsx": {"path":"/home/tenza/Desktop/pokedex/src/mocks/mock-wrapper.tsx","statementMap":{"0":{"start":{"line":10,"column":0},"end":{"line":15,"column":3}},"1":{"start":{"line":17,"column":33},"end":{"line":30,"column":1}},"2":{"start":{"line":18,"column":22},"end":{"line":25,"column":4}},"3":{"start":{"line":27,"column":2},"end":{"line":29,"column":4}},"4":{"start":{"line":28,"column":4},"end":{"line":28,"column":84}}},"fnMap":{"0":{"name":"(anonymous_0)","decl":{"start":{"line":14,"column":9},"end":{"line":14,"column":10}},"loc":{"start":{"line":14,"column":15},"end":{"line":14,"column":17}},"line":14},"1":{"name":"(anonymous_1)","decl":{"start":{"line":17,"column":33},"end":{"line":17,"column":34}},"loc":{"start":{"line":17,"column":39},"end":{"line":30,"column":1}},"line":17},"2":{"name":"(anonymous_2)","decl":{"start":{"line":27,"column":9},"end":{"line":27,"column":10}},"loc":{"start":{"line":28,"column":4},"end":{"line":28,"column":84}},"line":28}},"branchMap":{},"s":{"0":1,"1":1,"2":1,"3":1,"4":1},"f":{"0":0,"1":1,"2":1},"b":{},"_coverageSchema":"1a1c01bbd47fc00a2c39e90264f33305004495a9","hash":"a735851e252483475c5b772481a019e91047698a"}
,"/home/tenza/Desktop/pokedex/src/mocks/data/pokemon/pokemon.ts": {"path":"/home/tenza/Desktop/pokedex/src/mocks/data/pokemon/pokemon.ts","statementMap":{"0":{"start":{"line":4,"column":29},"end":{"line":14,"column":1}}},"fnMap":{},"branchMap":{},"s":{"0":1},"f":{},"b":{},"_coverageSchema":"1a1c01bbd47fc00a2c39e90264f33305004495a9","hash":"bcb7c5d2b782f37aaa5322a394e9144ea2d98d4e"}
,"/home/tenza/Desktop/pokedex/src/mocks/data/type/flying.ts.ts": {"path":"/home/tenza/Desktop/pokedex/src/mocks/data/type/flying.ts.ts","statementMap":{"0":{"start":{"line":4,"column":35},"end":{"line":333,"column":1}},"1":{"start":{"line":334,"column":26},"end":{"line":338,"column":1}},"2":{"start":{"line":335,"column":2},"end":{"line":337,"column":5}},"3":{"start":{"line":336,"column":4},"end":{"line":336,"column":47}},"4":{"start":{"line":340,"column":32},"end":{"line":343,"column":1}}},"fnMap":{"0":{"name":"(anonymous_0)","decl":{"start":{"line":334,"column":26},"end":{"line":334,"column":27}},"loc":{"start":{"line":334,"column":32},"end":{"line":338,"column":1}},"line":334},"1":{"name":"(anonymous_1)","decl":{"start":{"line":335,"column":58},"end":{"line":335,"column":59}},"loc":{"start":{"line":335,"column":77},"end":{"line":337,"column":3}},"line":335}},"branchMap":{},"s":{"0":1,"1":1,"2":1,"3":1,"4":1},"f":{"0":1,"1":1},"b":{},"_coverageSchema":"1a1c01bbd47fc00a2c39e90264f33305004495a9","hash":"b3ee3c5c09c25da88de4eac25a8429dcb8d6da93"}
,"/home/tenza/Desktop/pokedex/src/mocks/data/type/water.ts": {"path":"/home/tenza/Desktop/pokedex/src/mocks/data/type/water.ts","statementMap":{"0":{"start":{"line":4,"column":34},"end":{"line":345,"column":1}},"1":{"start":{"line":347,"column":25},"end":{"line":351,"column":1}},"2":{"start":{"line":348,"column":2},"end":{"line":350,"column":5}},"3":{"start":{"line":349,"column":4},"end":{"line":349,"column":46}},"4":{"start":{"line":353,"column":31},"end":{"line":356,"column":1}}},"fnMap":{"0":{"name":"(anonymous_0)","decl":{"start":{"line":347,"column":25},"end":{"line":347,"column":26}},"loc":{"start":{"line":347,"column":31},"end":{"line":351,"column":1}},"line":347},"1":{"name":"(anonymous_1)","decl":{"start":{"line":348,"column":58},"end":{"line":348,"column":59}},"loc":{"start":{"line":348,"column":77},"end":{"line":350,"column":3}},"line":348}},"branchMap":{},"s":{"0":1,"1":1,"2":1,"3":0,"4":1},"f":{"0":1,"1":0},"b":{},"_coverageSchema":"1a1c01bbd47fc00a2c39e90264f33305004495a9","hash":"673eed8521cb0701b6fed650baaf84ac59b5a839"}
,"/home/tenza/Desktop/pokedex/src/type/hooks/useGetWeaknesses.ts": {"path":"/home/tenza/Desktop/pokedex/src/type/hooks/useGetWeaknesses.ts","statementMap":{"0":{"start":{"line":11,"column":33},"end":{"line":46,"column":1}},"1":{"start":{"line":12,"column":30},"end":{"line":12,"column":69}},"2":{"start":{"line":13,"column":31},"end":{"line":13,"column":71}},"3":{"start":{"line":15,"column":2},"end":{"line":17,"column":3}},"4":{"start":{"line":16,"column":4},"end":{"line":16,"column":42}},"5":{"start":{"line":19,"column":2},"end":{"line":19,"column":46}},"6":{"start":{"line":20,"column":2},"end":{"line":20,"column":37}},"7":{"start":{"line":22,"column":16},"end":{"line":22,"column":66}},"8":{"start":{"line":24,"column":61},"end":{"line":33,"column":3}},"9":{"start":{"line":26,"column":6},"end":{"line":30,"column":8}},"10":{"start":{"line":35,"column":29},"end":{"line":41,"column":4}},"11":{"start":{"line":36,"column":24},"end":{"line":36,"column":80}},"12":{"start":{"line":36,"column":52},"end":{"line":36,"column":79}},"13":{"start":{"line":37,"column":23},"end":{"line":37,"column":98}},"14":{"start":{"line":37,"column":58},"end":{"line":37,"column":97}},"15":{"start":{"line":38,"column":19},"end":{"line":38,"column":77}},"16":{"start":{"line":38,"column":49},"end":{"line":38,"column":76}},"17":{"start":{"line":40,"column":4},"end":{"line":40,"column":50}},"18":{"start":{"line":43,"column":15},"end":{"line":43,"column":49}},"19":{"start":{"line":45,"column":2},"end":{"line":45,"column":35}}},"fnMap":{"0":{"name":"(anonymous_0)","decl":{"start":{"line":11,"column":33},"end":{"line":11,"column":34}},"loc":{"start":{"line":11,"column":71},"end":{"line":46,"column":1}},"line":11},"1":{"name":"(anonymous_1)","decl":{"start":{"line":25,"column":4},"end":{"line":25,"column":5}},"loc":{"start":{"line":25,"column":19},"end":{"line":31,"column":5}},"line":25},"2":{"name":"(anonymous_2)","decl":{"start":{"line":35,"column":53},"end":{"line":35,"column":54}},"loc":{"start":{"line":35,"column":67},"end":{"line":41,"column":3}},"line":35},"3":{"name":"(anonymous_3)","decl":{"start":{"line":36,"column":42},"end":{"line":36,"column":43}},"loc":{"start":{"line":36,"column":52},"end":{"line":36,"column":79}},"line":36},"4":{"name":"(anonymous_4)","decl":{"start":{"line":37,"column":41},"end":{"line":37,"column":42}},"loc":{"start":{"line":37,"column":58},"end":{"line":37,"column":97}},"line":37},"5":{"name":"(anonymous_5)","decl":{"start":{"line":38,"column":39},"end":{"line":38,"column":40}},"loc":{"start":{"line":38,"column":49},"end":{"line":38,"column":76}},"line":38}},"branchMap":{"0":{"loc":{"start":{"line":15,"column":2},"end":{"line":17,"column":3}},"type":"if","locations":[{"start":{"line":15,"column":2},"end":{"line":17,"column":3}},{"start":{},"end":{}}],"line":15},"1":{"loc":{"start":{"line":22,"column":16},"end":{"line":22,"column":66}},"type":"cond-expr","locations":[{"start":{"line":22,"column":29},"end":{"line":22,"column":52}},{"start":{"line":22,"column":55},"end":{"line":22,"column":66}}],"line":22},"2":{"loc":{"start":{"line":40,"column":11},"end":{"line":40,"column":49}},"type":"binary-expr","locations":[{"start":{"line":40,"column":11},"end":{"line":40,"column":23}},{"start":{"line":40,"column":27},"end":{"line":40,"column":38}},{"start":{"line":40,"column":42},"end":{"line":40,"column":49}}],"line":40}},"s":{"0":1,"1":2,"2":2,"3":2,"4":1,"5":1,"6":1,"7":1,"8":1,"9":1,"10":1,"11":3,"12":3,"13":3,"14":6,"15":3,"16":9,"17":3,"18":1,"19":1},"f":{"0":2,"1":1,"2":3,"3":3,"4":6,"5":9},"b":{"0":[1,1],"1":[0,1],"2":[3,3,3]},"_coverageSchema":"1a1c01bbd47fc00a2c39e90264f33305004495a9","hash":"250ad54f18186790eaa021e655541c190e47750e"}
}
