{"/home/tenza/Desktop/pokedex/src/mocks/mock-wrapper.tsx": {"path":"/home/tenza/Desktop/pokedex/src/mocks/mock-wrapper.tsx","statementMap":{"0":{"start":{"line":10,"column":0},"end":{"line":15,"column":3}},"1":{"start":{"line":17,"column":33},"end":{"line":29,"column":1}},"2":{"start":{"line":18,"column":22},"end":{"line":24,"column":4}},"3":{"start":{"line":26,"column":2},"end":{"line":28,"column":4}},"4":{"start":{"line":27,"column":4},"end":{"line":27,"column":84}}},"fnMap":{"0":{"name":"(anonymous_0)","decl":{"start":{"line":14,"column":9},"end":{"line":14,"column":10}},"loc":{"start":{"line":14,"column":15},"end":{"line":14,"column":17}},"line":14},"1":{"name":"(anonymous_1)","decl":{"start":{"line":17,"column":33},"end":{"line":17,"column":34}},"loc":{"start":{"line":17,"column":39},"end":{"line":29,"column":1}},"line":17},"2":{"name":"(anonymous_2)","decl":{"start":{"line":26,"column":9},"end":{"line":26,"column":10}},"loc":{"start":{"line":27,"column":4},"end":{"line":27,"column":84}},"line":27}},"branchMap":{},"s":{"0":1,"1":1,"2":1,"3":1,"4":1},"f":{"0":0,"1":1,"2":1},"b":{},"_coverageSchema":"1a1c01bbd47fc00a2c39e90264f33305004495a9","hash":"1666e70e5adc674cc8bb074973303b6ddf44c410"}
,"/home/tenza/Desktop/pokedex/src/mocks/data/type/type.ts": {"path":"/home/tenza/Desktop/pokedex/src/mocks/data/type/type.ts","statementMap":{"0":{"start":{"line":4,"column":26},"end":{"line":14,"column":1}}},"fnMap":{},"branchMap":{},"s":{"0":1},"f":{},"b":{},"_coverageSchema":"1a1c01bbd47fc00a2c39e90264f33305004495a9","hash":"6993ef347603ac09370ae3e080ae8d7535feffe3"}
,"/home/tenza/Desktop/pokedex/src/type/hooks/useFetchType.ts": {"path":"/home/tenza/Desktop/pokedex/src/type/hooks/useFetchType.ts","statementMap":{"0":{"start":{"line":6,"column":28},"end":{"line":18,"column":1}},"1":{"start":{"line":7,"column":2},"end":{"line":17,"column":4}},"2":{"start":{"line":10,"column":23},"end":{"line":10,"column":80}},"3":{"start":{"line":12,"column":19},"end":{"line":12,"column":40}},"4":{"start":{"line":14,"column":6},"end":{"line":14,"column":18}}},"fnMap":{"0":{"name":"(anonymous_0)","decl":{"start":{"line":6,"column":28},"end":{"line":6,"column":29}},"loc":{"start":{"line":6,"column":71},"end":{"line":18,"column":1}},"line":6},"1":{"name":"(anonymous_1)","decl":{"start":{"line":9,"column":4},"end":{"line":9,"column":5}},"loc":{"start":{"line":9,"column":16},"end":{"line":15,"column":5}},"line":9}},"branchMap":{},"s":{"0":1,"1":2,"2":1,"3":1,"4":1},"f":{"0":2,"1":1},"b":{},"_coverageSchema":"1a1c01bbd47fc00a2c39e90264f33305004495a9","hash":"a80763ae3a3f27c8bffa30ebdfe1435fb2542efd"}
}
