TN:
SF:src/mocks/handlers.ts
FNF:0
FNH:0
DA:6,1
LF:1
LH:1
BRF:0
BRH:0
end_of_record
TN:
SF:src/mocks/mock-wrapper.tsx
FN:14,(anonymous_0)
FN:17,(anonymous_1)
FN:27,(anonymous_2)
FNF:3
FNH:2
FNDA:0,(anonymous_0)
FNDA:1,(anonymous_1)
FNDA:1,(anonymous_2)
DA:10,1
DA:17,1
DA:18,1
DA:27,1
DA:28,1
LF:5
LH:5
BRF:0
BRH:0
end_of_record
TN:
SF:src/mocks/data/pokemon/pokemon.ts
FNF:0
FNH:0
DA:4,1
LF:1
LH:1
BRF:0
BRH:0
end_of_record
TN:
SF:src/mocks/data/type/flying.ts.ts
FN:334,(anonymous_0)
FN:335,(anonymous_1)
FNF:2
FNH:2
FNDA:1,(anonymous_0)
FNDA:1,(anonymous_1)
DA:4,1
DA:334,1
DA:335,1
DA:336,1
DA:340,1
LF:5
LH:5
BRF:0
BRH:0
end_of_record
TN:
SF:src/mocks/data/type/water.ts
FN:347,(anonymous_0)
FN:348,(anonymous_1)
FNF:2
FNH:1
FNDA:1,(anonymous_0)
FNDA:0,(anonymous_1)
DA:4,1
DA:347,1
DA:348,1
DA:349,0
DA:353,1
LF:5
LH:4
BRF:0
BRH:0
end_of_record
TN:
SF:src/type/hooks/useGetWeaknesses.ts
FN:11,(anonymous_0)
FN:25,(anonymous_1)
FN:35,(anonymous_2)
FN:36,(anonymous_3)
FN:37,(anonymous_4)
FN:38,(anonymous_5)
FNF:6
FNH:6
FNDA:2,(anonymous_0)
FNDA:1,(anonymous_1)
FNDA:3,(anonymous_2)
FNDA:3,(anonymous_3)
FNDA:6,(anonymous_4)
FNDA:9,(anonymous_5)
DA:11,1
DA:12,2
DA:13,2
DA:15,2
DA:16,1
DA:19,1
DA:20,1
DA:22,1
DA:24,1
DA:26,1
DA:35,1
DA:36,3
DA:37,6
DA:38,9
DA:40,3
DA:43,1
DA:45,1
LF:17
LH:17
BRDA:15,0,0,1
BRDA:15,0,1,1
BRDA:22,1,0,0
BRDA:22,1,1,1
BRDA:40,2,0,3
BRDA:40,2,1,3
BRDA:40,2,2,3
BRF:7
BRH:6
end_of_record
